listening on port 4000
made socket connection WJVKxH535Drifl12AAAA
made socket connection RxfEvPNwgQKp2F9AAAAB
listening on port 4001
listening on port 4001
made socket connection uAJUXyaMUX9vWTzxAAAA
made socket connection Mh-aKxyfkFHGkdONAAAB
made socket connection 9Z0-5bX1ZB0qPjvXAAAC
made socket connection sz04BISaUmudyrgGAAAD
made socket connection yeEW4ZAaMTqvz4yrAAAE
made socket connection cX1bT07ME1s3_pVqAAAF
made socket connection 1Z8fSjHwYsyXuekxAAAG
made socket connection P8d9ouXjUDMbUS_0AAAH
made socket connection M4Il53vCE1yFyKs4AAAI
made socket connection cqVmGtez7ZhG5fYxAAAJ
made socket connection IRo-EcTPyVOq8cZJAAAK
made socket connection mFz4s1JpDw9Dgw1xAAAL
made socket connection rMLIGbtfq2hJlzyaAAAM
made socket connection vUCgmhohoFmdgZ5RAAAN
made socket connection F4SH1SYAQXfHuTt_AAAO
made socket connection LHCgWXMUscErvk-wAAAP
made socket connection Q341KFq570r8ANd0AAAQ
made socket connection -6-V6C2lwGS1WSy0AAAR
made socket connection jUjjORcETRuvwEPyAAAS
made socket connection pRCJozbrpQbTpGN8AAAT
made socket connection 3kwxAu2S01fLEapaAAAU
made socket connection Ar-YDSE0uOrWRSTMAAAV
made socket connection YYBGlHjtCvjSM8ZXAAAW
made socket connection vs1HlOdi0DjZtCX_AAAX
made socket connection bAjtEvsxwO8S-6ULAAAY
made socket connection Q-9vi96GCkpSLzA4AAAZ
made socket connection 7Qs8uqcZMCpfF6WGAAAa
made socket connection KH4esQIXsUw8r7KaAAAb
made socket connection 1bTaCRsM4M3Ep2-SAAAc
made socket connection -DMlroY7JQm2EeRYAAAd
made socket connection 3vXQeNSzGco79-kvAAAe
made socket connection FiQ2IaTIwr41mQzKAAAf
made socket connection QZUW-xZJwGXexbj2AAAg
made socket connection s6IbKeC0zfn74_IDAAAh
made socket connection PRfDIqonLunA4wxzAAAi
made socket connection AuvpZ9nStYbAtCOCAAAj
made socket connection Vax32Yj_FxMxE0oQAAAk
made socket connection bNYCmcKFu0iG6VvEAAAl
made socket connection D_c5jjDyvdzgd8zrAAAm
made socket connection svU2lHiorWh9ADhkAAAn
made socket connection ldARCZ0wLdboN2hkAAAo
made socket connection 7O57PFehAwefEBPHAAAp
made socket connection dcmNOU49VvQI3xdYAAAq
made socket connection RzEt7iuHvVK5jToFAAAr
made socket connection Jb0IrnLnBLjVIPxIAAAs
made socket connection PAP79iImkHKwa3RXAAAt
made socket connection QnVTpmsXhyqnAze-AAAu
made socket connection 7eEDYIoBxCQT1XD1AAAv
made socket connection n-afOQKVVqxG-huZAAAw
made socket connection NPm3Sf0ocJYa9zLpAAAx
made socket connection nhxoR14JsmIGgNlLAAAy
made socket connection tQPEDt7meYuWpPaLAAAz
made socket connection YmWjsXokorxGs5krAAA0
made socket connection 8bj3vZOkaihFMymRAAA1
made socket connection FTKOvMtE0BsGbzdgAAA2
made socket connection gaHFGvmu_u4myrF-AAA3
made socket connection EAbSa9L8oEq4YI5mAAA4
made socket connection _0W_xzhCv9lmcfOHAAA5
made socket connection gd_2kCVAQKEP5PEFAAA6
made socket connection ioyjj2JCd2EfEAWPAAA7
made socket connection 9uCnlmYeL6G8tB95AAA8
made socket connection I80mdng8GRPqAzr3AAA9
made socket connection 4rFniZ2C1RQl-mOQAAA-
made socket connection iNy2o8SLUhU1Q-1fAAA_
made socket connection NqIi-djfottGAOCCAABA
made socket connection oiqdAQQK3NVGqpOrAABB
made socket connection vjxoQcQE7XLKa-NcAABC
made socket connection fStd_gJoa_SEcrcMAABD
made socket connection rAmA9cIKQRL3KSTWAABE
made socket connection Mq995dZSxlGkHQLQAABF
made socket connection V5V33ENwPLPqrcXOAABG
made socket connection yQh9A-2M6hD8aEWPAABH
made socket connection _smRGv4_3vLjBWWUAABI
made socket connection FpYdZIofU7NRCARMAABJ
made socket connection fv8-agvTdjpDCqAKAABK
made socket connection SXypBzio3hdnOmKsAABL
made socket connection DGFXnTvddtmFNK2OAABM
made socket connection fHGPf0SdX7HAms9TAABN
made socket connection BNOLNQUqBUB3dx1nAABO
made socket connection kaCVgq05HcGTWKoLAABP
made socket connection _7cYglolrILzPkUxAABQ
made socket connection Qt7Ets18xB57A5OfAABR
made socket connection FCXUCOjcT5fhnAM9AABS
made socket connection GHoYUgmJyretGYaEAABT
made socket connection Yqa9K49po5QCQa2lAABU
made socket connection fyVl9UCND55ANsC3AABV
made socket connection hpO0GnuBkoxoKjDJAABW
made socket connection gGmxSzZWxI0HS15_AABX
made socket connection wiJ53Dv6SML2gfcvAABY
made socket connection t0dkdCsmGXntrPIuAABZ
made socket connection 3N0tZ-hWRh7yFvhbAABa
made socket connection IJeY9eQIczvHjM74AABb
made socket connection 7-W7Tmc_AehHB9ANAABc
made socket connection BfaB1WvX5fS7tzJcAABd
made socket connection Ywnv6JMqGXRWycPSAABe
made socket connection 9E0Kyc6qSnI73zRGAABf
made socket connection y6LdYUfzJ8T6oFfZAABg
made socket connection 3LgueliShxQm3EXoAABh
made socket connection qWm3b8V_1Sj-3xogAABi
made socket connection qTXJBngFj30kO-k2AABj
made socket connection pkKqEngsqGC8sfEjAABk
made socket connection U2_AoapSVtlIJGcJAABl
made socket connection F0X2Nli5_Niw1V-bAABm
made socket connection a1uo5IolUr66X833AABn
made socket connection D2rIbmzi6rmmyhb5AABo
made socket connection JRtisefWuKV_7LpLAABp
made socket connection HacBm3-ig3KBBYSTAABq
made socket connection xblpTl4EYB_cf__UAABr
made socket connection 9NEybD9fQryQizuIAABs
made socket connection HeFOb5IIEZoi97XDAABt
made socket connection 29-sI-6MWcWxsi-aAABu
made socket connection -S1DpMFeK024B40sAABv
made socket connection 543sVM4seRiR6hy3AABw
made socket connection RXhoUGCa2Xk9bgOeAABx
made socket connection tcgL0GrMKDd4OHMxAABy
made socket connection Bx0bh3L9CUxH_K8hAABz
made socket connection Q_S-qCinBh2A8JokAAB0
made socket connection 8dHct1_Hv3iPMpHrAAB1
made socket connection q1Z5orBV09j2udpBAAB2
made socket connection cwGeXr90KVyWlzC1AAB3
made socket connection j4fUgX5rRZGo_Q_oAAB4
made socket connection MHxZdlQV8TcJlRPlAAB5
made socket connection LwBD2WTyQD9kcgzgAAB6
made socket connection 5tv-UxXMkRCcMqkgAAB7
made socket connection He1pTlgde5v2O6krAAB8
made socket connection 7fQ9_9zSP9afoZerAAB9
made socket connection R4ya062NOtS-1QHMAAB-
made socket connection 3hMlIS5rqG_M220VAAB_
made socket connection xnv_V4DnmAbmTJFpAACA
made socket connection WkwPSSVj4chiXtShAACB
made socket connection 51pZ6J1HXQK2FIMFAACC
made socket connection Q0h5r0SOJmnR8beBAACD
made socket connection EHodHXn03i06vNKMAACE
made socket connection qCF96F-H4PO288wUAACF
made socket connection xnoqRTH8Jili60MFAACG
made socket connection whCTagcQWK3ktc9ZAACH
made socket connection sFnRxBN-0U833AOBAACI
made socket connection LlXEP6oy3vd6va17AACJ
made socket connection j0qVcKI0p60pbeeAAACK
made socket connection TwQAMgmr5-SQzmg5AACL
made socket connection hHxzN7b9uquwGLK_AACM
made socket connection gun7RUYslBASDtiuAACN
made socket connection pXyHb1-s03u9rGp0AACO
made socket connection lyeH1cXyLF21jUifAACP
made socket connection LiQihC_OyPdpQ5NTAACQ
made socket connection 1Oh7C2plkf5PCT4CAACR
made socket connection 0F5AFiGvxXxO1xEsAACS
made socket connection ojsfPWMLtXDe6a_iAACT
made socket connection -45qTk94aAQJw9kmAACU
made socket connection PUMeWag6YRcgeU_dAACV
made socket connection F_3QmQZZuiu8lowlAACW
made socket connection Xt7XACqS88HkNRQGAACX
made socket connection rXBNfZIigX-NAYFzAACY
made socket connection pb4JQhASzmjqE0AkAACZ
made socket connection gdPgiByZ0F9y6ll-AACa
made socket connection mgC3wZjahuREoqQiAACb
made socket connection 2GbAiejzKFA9Eh1QAACc
made socket connection u42re3gvIvZoghgdAACd
made socket connection OR83LocBxPAENoskAACe
made socket connection zzTZqDTI_zSKrHYkAACf
made socket connection HvmYtS5q-x8FXEFrAACg
made socket connection x480ChWuvvovsDR3AACh
made socket connection gM7ZN9eD5sVzjxAaAACi
made socket connection 78IMaEfSQpUEPn32AACj
made socket connection vhDhaGqzq92uNUvUAACk
made socket connection Mx-D_ATehf5sahPoAACl
made socket connection 8NOf_Pmzug3TUnSEAACm
made socket connection FrI7T94AKEyUMgbPAACn
made socket connection 25Z1X5JB85r72s8_AACo
made socket connection PYJyWBxHcSkhBJ41AACp
made socket connection mf-K5Vd-IzKZ1tcTAACq
made socket connection 5ujwi1ERYd_SIQFuAACr
made socket connection FXLWYHDt0QyLagdPAACs
made socket connection FLGLJTW1KobBl1eBAACt
made socket connection qR2OKRnHJhIBmwWIAACu
made socket connection lqF9FUcgnr7frDa_AACv
made socket connection GlKqKDZsfHCI7mILAACw
made socket connection vSfCzLxy_-8YfUf2AACx
made socket connection 4sIQWjylm9NVtlOhAACy
made socket connection sTh6HPSFsLB-shtNAACz
made socket connection gedRtqOrsdcI3VqEAAC0
made socket connection rWNCh10O9MfJFbJ4AAC1
made socket connection CjiK0aIRq7pj_S-iAAC2
made socket connection 6gNUqMQnM4DK8Q5TAAC3
made socket connection BRXj1jBhjNyYMdJEAAC4
made socket connection RryUJT5Ed4N8xKcQAAC5
made socket connection DPv9coxvK0efF0M_AAC6
made socket connection IbxgfOP2KjOaqH8FAAC7
made socket connection hVvcd9cNUjm1O2AOAAC8
made socket connection IbVfMI2WtGuWjtDmAAC9
made socket connection etusHl553v0_JxCIAAC-
made socket connection Y_ZA2pjkx_q3rgWDAAC_
made socket connection f73hDjIClivdT9FkAADA
made socket connection z5-3NvwUv87jQ8VdAADB
made socket connection oxQ4YnKvBwjMSPffAADC
made socket connection FNBKem55HiJd7qm2AADD
made socket connection G8RIZ2iqsD5qyvMoAADE
made socket connection 7lYh_OXOYJajVm9QAADF
made socket connection qyuakDJT9jehs7iqAADG
made socket connection P_YJPwgoc9omjc0YAADH
made socket connection HY99uNDTbsp6hnzCAADI
made socket connection 0I82eo13S0RW6KjwAADJ
made socket connection gpI2cEFlQi9xgC8kAADK
made socket connection AaBLu-i8jwLEmMZtAADL
made socket connection 7qZuIIji_uulqwkTAADM
made socket connection N29LBRRErtTsP02FAADN
made socket connection Vj-aXVw15jLu2Wv3AADO
made socket connection 9lVgiYKZcj8jxG1BAADP
made socket connection _KWCuncFNNiJCftkAADQ
made socket connection VRuthzpmxQOypbBcAADR
made socket connection ieQUDMrKMQ63lgTWAADS
made socket connection iN7NRdHP2d_CcmJjAADT
made socket connection 01Ds5txDKHRf2h39AADU
made socket connection ZBvMcb9s76nY_8_JAADV
made socket connection nY-L53ZdqDcOcS_xAADW
made socket connection DETVsag-6nffBdXMAADX
made socket connection xoJP1E8O9zoI3mGTAADY
made socket connection _0UIO58lSERoFYQSAADZ
made socket connection AdyG0XHu1WLk2l_jAADa
made socket connection YTjochzMQLtJmewkAADb
made socket connection Buv70Be5-AGLfyXXAADc
made socket connection 2pDo8iZj2HrnchlnAADd
made socket connection KV5LyZ7EtDGBYOtnAADe
made socket connection i_bAbfXlOVu9RJ12AADf
made socket connection OfrVcYw6qT3lH003AADg
made socket connection 3VeDNp7lXifkmTojAADh
made socket connection pJjnD14-8TarfuvaAADi
made socket connection ygA1vKirsKB3TawgAADj
made socket connection 5IzR6M81hXd-g_stAADk
made socket connection n52YbuMXInoCZvDMAADl
made socket connection B4nk40kRnvBUMx04AADm
made socket connection FOuHU-r2v8sBcX3fAADn
made socket connection y__OzD3T6S_UhWG2AADo
made socket connection h3_TfvTAb2rgygLQAADp
made socket connection sNxPLzT0fgmkY16BAADq
made socket connection PWxl24GhSeyxDEPpAADr
made socket connection cMo6LKG9ZYRdXRMPAADs
made socket connection 7ig0gmV34D2oTPy9AADt
made socket connection 3h_JNnX3hPND5YFDAADu
made socket connection CSzD4i7Vnawfu2S-AADv
made socket connection BE6KW5-2gT1_ZgaQAADw
made socket connection OmNlOraedE1NYlNHAADx
made socket connection RlRoukxpGltHXcFgAADy
made socket connection G9st7xlwk_PoukdwAADz
made socket connection KKZk1MKQYxPhW4_MAAD0
made socket connection NIbrWRIdCt6GdLDFAAD1
made socket connection 4VvvRDXiiOvkY62iAAD2
made socket connection 4WpbUhzi6n1j0M80AAD3
made socket connection oPDAgUu5WQS-k4geAAD4
made socket connection M6WNJqD9kBOlammrAAD5
made socket connection 0yTMTnrMFw7JfJ_BAAD6
made socket connection QrO_HFPGVecotDZ6AAD7
made socket connection F6PEO_uG6jhcKvV9AAD8
made socket connection RtWYc4SsqCqOyyQ2AAD9
made socket connection MQL94CJm9Awqi-_1AAD-
made socket connection UDccVoQYZsn776c7AAD_
made socket connection buy4EsQuOQLmQ5xJAAEA
made socket connection pokGjDJzjeJhVUTcAAEB
made socket connection 35TDPNE9mxQqcy-DAAEC
made socket connection x3H8_bX5iX8Vp0vVAAED
made socket connection -raZm7CMFrvdP4BWAAEE
made socket connection nG_aYXX5JQjxNRONAAEF
made socket connection Xt2Zg7uXb1DU7YYMAAEG
made socket connection C5avXxDlhmouWWQVAAEH
made socket connection LYQtVu8hOAnEIQ5rAAEI
made socket connection 4-K8agCVYDjTd2W3AAEJ
made socket connection li89hOZNdBnVjTRlAAEK
made socket connection ApU_W17CdnzXbVQDAAEL
made socket connection mnwQ732mEQPPfwP8AAEM
made socket connection 4XEVgoPdQtIklIGlAAEN
made socket connection lHQwV6LEI3CzHP0JAAEO
made socket connection eO9BRvJbQwfjtn0HAAEP
made socket connection -CtB7VkDxlcuBv1uAAEQ
made socket connection O4sybTwvBv6RvlhGAAER
made socket connection BcmLsY3sdG8TePX3AAES
made socket connection gQti9ZZ7DcVAZTZmAAET
made socket connection ZwvMLcAvxg4Of7lIAAEU
made socket connection Pz1plDn0mfJ-G8kZAAEV
made socket connection JuC4FlU3phOinE6dAAEW
made socket connection OqK5XJY3kTvq1anmAAEX
made socket connection JLwtt_e3oGEv8rjkAAEY
made socket connection 2XCdMviWmScKcUsoAAEZ
made socket connection rSHLF7JbFawIe5goAAEa
made socket connection Yt5UnkDbis7SyNx4AAEb
made socket connection RiGPZIEt5iF_qqmKAAEc
made socket connection 1fp3QVCCypmcvESHAAEd
made socket connection qxou2ibWaT9Jj2KqAAEe
made socket connection nlPblD_GfzWXHzFbAAEf
made socket connection G_pVr-uBKrvUC1pzAAEg
made socket connection FMCTLgxeu3PgseSHAAEh
assert.js:269
    throw err;
    ^

AssertionError [ERR_ASSERTION]: false == true
    at TLSWrap.onhandshakestart (_tls_wrap.js:66:3)
listening on port 4001
made socket connection pj-l8nmJL4n0F85xAAAA
made socket connection Z-gRisBm0XARNco-AAAB
made socket connection mOv3oqCU4lishXHMAAAC
made socket connection gtksBlfpehP-aX2SAAAD
made socket connection fuJsPyjbyLz79QJGAAAE
made socket connection 0-ToP0zvY1lYXYpJAAAF
made socket connection UGh9rPiXI5C8vp2iAAAG
made socket connection fS6VfcQEZeUNT4q6AAAH
made socket connection _DLfMvHRZf6p8fLaAAAI
made socket connection fpreujaE3so9-x9oAAAJ
made socket connection dtbpKYukSP1DjNGcAAAK
made socket connection ojNy3Wxgetcp9GdXAAAL
made socket connection GTc_QwhhXameVENAAAAM
made socket connection LMFtKvLrwgHQj6YHAAAN
made socket connection YfXc5p7J9c-AGDwuAAAO
made socket connection Hpd4l4rMERcR0hqsAAAP
made socket connection cJNpcrs8jp-96oEuAAAQ
made socket connection -UgeoEiQuP9pnSgUAAAR
made socket connection vghYRvt7VgaaX2qrAAAS
made socket connection Y0MVdJTYxEDFR3s8AAAT
made socket connection Mz3avc1m5pNFdkqoAAAU
made socket connection fpirEg1EGH_gbhjQAAAV
made socket connection itGB75v8TvBrB_WAAAAW
made socket connection xm9TAo85t3NYAY6OAAAX
made socket connection vvd23z5QosAofSy2AAAY
made socket connection EbEa3v43WalgGM-OAAAZ
made socket connection QG8Q1XOJKTOYZzFmAAAa
made socket connection lJgrGbhoaR9FCDoUAAAb
made socket connection aVhihcAoM4IoZpsfAAAc
made socket connection 7DOJ0cvOzTKn-OCQAAAd
made socket connection uP7uVLBg-rCbw1R0AAAe
made socket connection 3si6ydgkl2DFr2OuAAAf
made socket connection bky4fzR5INYC4UUVAAAg
made socket connection Csqq9aJm-zZHxBJRAAAh
made socket connection I3uA60gIjLaI0XpAAAAi
made socket connection GyCF0GP2EZBej68UAAAj
made socket connection o9PRS8Gh_0N4iwkKAAAk
made socket connection KmflsmxR0A8nn-zlAAAl
made socket connection OWpf5vZTMwiz6FoPAAAm
made socket connection dG8S1JxhvbB9nD8bAAAn
made socket connection pb2ZsGFupCVvAj-NAAAo
made socket connection 1dvb6K3nXjhGSwgpAAAp
made socket connection UPUo9ddCCt8Rw4YyAAAq
made socket connection cygZF3dSWatXNI-OAAAr
made socket connection 96vWwyLsvFJpmhuIAAAs
made socket connection w8IOZItfprU-lcSiAAAt
made socket connection Hvrl_5-CD4ZmdOuxAAAu
made socket connection YXnosBHErMqQ1IxFAAAv
made socket connection k81hLmKjiiphzkwYAAAw
made socket connection DFVMN7swUkY_aOIrAAAx
made socket connection HlsSO4eQfSgrc_wLAAAy
made socket connection abg7E3XOTcbEUTmZAAAz
made socket connection BZ4AhfLv0BHUr-xvAAA0
made socket connection Yo0EHuaV-QFhLmlFAAA1
made socket connection c12AIoC4aA3w6hPFAAA2
made socket connection sOU0tEnj_loySU8dAAA3
made socket connection ao5cI3NC1RQF8-9iAAA4
made socket connection NydNymApafpdcywiAAA5
made socket connection ZF0sY0qthRK1XxdmAAA6
made socket connection enEXORs8cDxLLC_eAAA7
made socket connection E2igqlc1d4bN_qbvAAA8
made socket connection zhFcl-yhd7mJ-9IBAAA9
made socket connection _l9y5mdoqLcj0uPNAAA-
made socket connection gteNnpEHIEXCVDEUAAA_
made socket connection z8YQNNPY_dReJWzmAABA
made socket connection OEXwLmwW2W4kcMY-AABB
made socket connection rDjEIK4kHymn6KxFAABC
made socket connection m7bqjV4YQT_tPQFlAABD
made socket connection -7s80aiZZcuI__WlAABE
made socket connection M6ywoiOcgs1wHFftAABF
made socket connection WAEZ281OC202w7biAABG
made socket connection BbfdOIAAaBqSxiNpAABH
made socket connection s2UDfdbcxglC69P1AABI
made socket connection 352O3a3ymo7L7HgZAABJ
made socket connection cr1LQcMMNCvCV2haAABK
made socket connection soXpyJ10NxSq-w4yAABL
made socket connection 43YKDJGF6uKFl4PUAABM
made socket connection tCXnLZUzyqe8YKkWAABN
made socket connection 8G7nECnI1YmIwbliAABO
made socket connection hHfLD8ssIM9enNuQAABP
made socket connection 4fybX0mfNgqxBc48AABQ
made socket connection DPg8UCfRK-6kkDK1AABR
made socket connection r4M72BYv3rsnQAy-AABS
made socket connection JQvEj-eJSUevbXQTAABT
made socket connection EU8WKfnTR4bdtR8kAABU
made socket connection pDvIB0qqco6U0tShAABV
made socket connection hyhUtR_473rHNbANAABW
made socket connection sPee7-7jro8-TVwLAABX
